<?xml version="1.0" encoding="UTF-8"?>
<!-- Generated by org.testng.reporters.JUnitReportReporter -->
<testsuite hostname="MacBook-Pro.local" failures="0" tests="1" name="com.rahulshettyacademy.tests.ErrorValidations" time="5.911" errors="0" timestamp="2022-09-17T16:09:01 IST" skipped="0">
  <testcase classname="com.rahulshettyacademy.tests.ErrorValidations" name="endToEnd" time="5.911"/>
  <system-out/>
</testsuite> <!-- com.rahulshettyacademy.tests.ErrorValidations -->
