<?xml version="1.0" encoding="UTF-8"?>
<!-- Generated by org.testng.reporters.JUnitReportReporter -->
<testsuite hostname="MacBook-Pro.local" failures="0" tests="3" name="com.rahulshettyacademy.tests.StandAloneTest" time="18.661" errors="0" timestamp="2022-09-21T09:30:06 IST" skipped="0">
  <testcase classname="com.rahulshettyacademy.tests.StandAloneTest" name="submitOrder" time="6.846"/>
  <system-out/>
  <testcase classname="com.rahulshettyacademy.tests.StandAloneTest" name="submitOrder" time="5.735"/>
  <system-out/>
  <testcase classname="com.rahulshettyacademy.tests.StandAloneTest" name="orderHistoryTest" time="6.080"/>
  <system-out/>
</testsuite> <!-- com.rahulshettyacademy.tests.StandAloneTest -->
