<?xml version="1.0" encoding="UTF-8"?>
<!-- Generated by org.testng.reporters.JUnitReportReporter -->
<testsuite hostname="MacBook-Pro.local" failures="0" tests="1" name="com.rahulshettyacademy.tests.ErrorValidationsTest" time="6.792" errors="0" timestamp="2022-10-12T08:42:10 IST" skipped="0">
  <testcase classname="com.rahulshettyacademy.tests.ErrorValidationsTest" name="endToEnd" time="6.792"/>
  <system-out/>
</testsuite> <!-- com.rahulshettyacademy.tests.ErrorValidationsTest -->
