<?xml version="1.0" encoding="UTF-8"?>
<!-- Generated by org.testng.reporters.JUnitReportReporter -->
<testsuite hostname="MacBook-Pro.local" failures="0" tests="3" name="com.rahulshettyacademy.tests.StandAloneTest" time="22.272" errors="0" timestamp="2022-10-12T08:42:10 IST" skipped="0">
  <testcase classname="com.rahulshettyacademy.tests.StandAloneTest" name="submitOrder" time="7.345"/>
  <system-out/>
  <testcase classname="com.rahulshettyacademy.tests.StandAloneTest" name="orderHistoryTest" time="3.985"/>
  <system-out/>
  <testcase classname="com.rahulshettyacademy.tests.StandAloneTest" name="submitOrder" time="10.942"/>
  <system-out/>
</testsuite> <!-- com.rahulshettyacademy.tests.StandAloneTest -->
